<?xml version="1.0" encoding="UTF-8"?>
<!-- Generated by org.testng.reporters.JUnitReportReporter -->
<testsuite hostname="PF0Y7Z5M-BLR" name="in.licious.OfferesTestCases.TC010" tests="1" failures="0" timestamp="3 Sep 2019 07:56:24 GMT" time="104.898" errors="0">
  <testcase name="TC_010" time="104.898" classname="in.licious.OfferesTestCases.TC010"/>
</testsuite> <!-- in.licious.OfferesTestCases.TC010 -->
