<?xml version="1.0" encoding="UTF-8"?>
<!-- Generated by org.testng.reporters.JUnitReportReporter -->
<testsuite hostname="PF0Y7Z5M-BLR" name="in.licious.BannersTestCases.TC001" tests="1" failures="0" timestamp="4 Sep 2019 10:12:26 GMT" time="82.739" errors="0">
  <testcase name="TC_001" time="82.739" classname="in.licious.BannersTestCases.TC001"/>
</testsuite> <!-- in.licious.BannersTestCases.TC001 -->
