<?xml version="1.0" encoding="UTF-8"?>
<!-- Generated by org.testng.reporters.JUnitReportReporter -->
<testsuite hostname="PF0Y7Z5M-BLR" name="in.licious.OfferesTestCases.TC005" tests="1" failures="0" timestamp="30 Aug 2019 12:30:52 GMT" time="103.180" errors="0">
  <testcase name="Tc_005" time="103.180" classname="in.licious.OfferesTestCases.TC005"/>
</testsuite> <!-- in.licious.OfferesTestCases.TC005 -->
