<?xml version="1.0" encoding="UTF-8"?>
<!-- Generated by org.testng.reporters.JUnitReportReporter -->
<testsuite hostname="PF0Y7Z5M-BLR" name="in.licious.OfferesTestCases.TC002" tests="1" failures="0" timestamp="30 Aug 2019 09:54:48 GMT" time="85.903" errors="0">
  <testcase name="Tc_002" time="85.903" classname="in.licious.OfferesTestCases.TC002"/>
</testsuite> <!-- in.licious.OfferesTestCases.TC002 -->
