<?xml version="1.0" encoding="UTF-8"?>
<!-- Generated by org.testng.reporters.JUnitReportReporter -->
<testsuite hostname="PF0Y7Z5M-BLR" name="in.licious.OfferesTestCases.TC006" tests="1" failures="0" timestamp="3 Sep 2019 06:15:35 GMT" time="105.936" errors="0">
  <testcase name="Tc_006" time="105.936" classname="in.licious.OfferesTestCases.TC006"/>
</testsuite> <!-- in.licious.OfferesTestCases.TC006 -->
