<?xml version="1.0" encoding="UTF-8"?>
<!-- Generated by org.testng.reporters.JUnitReportReporter -->
<testsuite hostname="PF0Y7Z5M-BLR" name="in.licious.OfferesTestCases.TC008" tests="1" failures="0" timestamp="3 Sep 2019 07:08:48 GMT" time="130.978" errors="0">
  <testcase name="TC_008" time="130.978" classname="in.licious.OfferesTestCases.TC008"/>
</testsuite> <!-- in.licious.OfferesTestCases.TC008 -->
