<?xml version="1.0" encoding="UTF-8"?>
<!-- Generated by org.testng.reporters.JUnitReportReporter -->
<testsuite hostname="PF0Y7Z5M-BLR" name="in.licious.OfferesTestCases.TC013" tests="1" failures="0" timestamp="3 Sep 2019 09:17:52 GMT" time="89.195" errors="0">
  <testcase name="TC_013" time="89.195" classname="in.licious.OfferesTestCases.TC013"/>
</testsuite> <!-- in.licious.OfferesTestCases.TC013 -->
