<?xml version="1.0" encoding="UTF-8"?>
<!-- Generated by org.testng.reporters.JUnitReportReporter -->
<testsuite hostname="PF0Y7Z5M-BLR" name="in.licious.OfferesTestCases.TC012" tests="1" failures="0" timestamp="3 Sep 2019 09:06:17 GMT" time="87.471" errors="0">
  <testcase name="TC_012" time="87.471" classname="in.licious.OfferesTestCases.TC012"/>
</testsuite> <!-- in.licious.OfferesTestCases.TC012 -->
