<?xml version="1.0" encoding="UTF-8"?>
<!-- Generated by org.testng.reporters.JUnitReportReporter -->
<testsuite hostname="PF0Y7Z5M-BLR" name="in.licious.BannersTestCases.bannertest" tests="1" failures="0" timestamp="29 Aug 2019 05:57:29 GMT" time="42.835" errors="0">
  <testcase name="test1" time="42.835" classname="in.licious.BannersTestCases.bannertest"/>
</testsuite> <!-- in.licious.BannersTestCases.bannertest -->
