<?xml version="1.0" encoding="UTF-8"?>
<!-- Generated by org.testng.reporters.JUnitReportReporter -->
<testsuite hostname="PF0Y7Z5M-BLR" name="in.licious.OfferesTestCases.TC011" tests="1" failures="0" timestamp="3 Sep 2019 08:06:06 GMT" time="77.927" errors="0">
  <testcase name="TC_011" time="77.927" classname="in.licious.OfferesTestCases.TC011"/>
</testsuite> <!-- in.licious.OfferesTestCases.TC011 -->
