<?xml version="1.0" encoding="UTF-8"?>
<!-- Generated by org.testng.reporters.JUnitReportReporter -->
<testsuite hostname="PF0Y7Z5M-BLR" name="in.licious.OfferesTestCases.TC001" tests="1" failures="0" timestamp="30 Aug 2019 10:23:19 GMT" time="99.312" errors="0">
  <testcase name="TC_001" time="99.312" classname="in.licious.OfferesTestCases.TC001"/>
</testsuite> <!-- in.licious.OfferesTestCases.TC001 -->
