<?xml version="1.0" encoding="UTF-8"?>
<!-- Generated by org.testng.reporters.JUnitReportReporter -->
<testsuite hostname="PF0Y7Z5M-BLR" name="in.licious.BannersTestCases.TC003" tests="1" failures="0" timestamp="3 Sep 2019 11:23:21 GMT" time="48.255" errors="0">
  <testcase name="TC_003" time="48.255" classname="in.licious.BannersTestCases.TC003"/>
</testsuite> <!-- in.licious.BannersTestCases.TC003 -->
