<?xml version="1.0" encoding="UTF-8"?>
<!-- Generated by org.testng.reporters.JUnitReportReporter -->
<testsuite hostname="PF0Y7Z5M-BLR" name="in.licious.BannersTestCases.TC002" tests="1" failures="0" timestamp="3 Sep 2019 11:14:24 GMT" time="73.621" errors="0">
  <testcase name="TC_002" time="73.621" classname="in.licious.BannersTestCases.TC002"/>
</testsuite> <!-- in.licious.BannersTestCases.TC002 -->
