<?xml version="1.0" encoding="UTF-8"?>
<!-- Generated by org.testng.reporters.JUnitReportReporter -->
<testsuite hostname="PF0Y7Z5M-BLR" name="in.licious.OfferesTestCases.TC009" tests="1" failures="0" timestamp="3 Sep 2019 07:26:44 GMT" time="103.453" errors="0">
  <testcase name="TC_009" time="103.453" classname="in.licious.OfferesTestCases.TC009"/>
</testsuite> <!-- in.licious.OfferesTestCases.TC009 -->
