<?xml version="1.0" encoding="UTF-8"?>
<!-- Generated by org.testng.reporters.JUnitReportReporter -->
<testsuite hostname="PF0Y7Z5M-BLR" name="in.licious.OfferesTestCases.TC004" tests="1" failures="0" timestamp="30 Aug 2019 12:14:12 GMT" time="87.112" errors="0">
  <testcase name="Tc_004" time="87.112" classname="in.licious.OfferesTestCases.TC004"/>
</testsuite> <!-- in.licious.OfferesTestCases.TC004 -->
